Removed Pin From Net: NetName=VDD_MCU Pin=J2-1
Removed Pin From Net: NetName=VDD_MCU Pin=J2-2
Removed Pin From Net: NetName=VDDH2 Pin=J2-3
Removed Pin From Net: NetName=VDDUSB0P9 Pin=J2-4
Removed Pin From Net: NetName=VDDUSB33 Pin=J2-5
Removed Pin From Net: NetName=VDDAUDD Pin=J2-6
Removed Pin From Net: NetName=GND Pin=J2-7
Removed Pin From Net: NetName=VDDAUDA Pin=J2-8
Removed Pin From Net: NetName=GND Pin=J2-9
Removed Pin From Net: NetName=VDD18 Pin=J2-10
Removed Pin From Net: NetName=VDD_1.8V Pin=J3-1
Removed Pin From Net: NetName=VDD_MCU Pin=J3-2
Removed Pin From Net: NetName=VDD_MCU Pin=J3-4
Removed Pin From Net: NetName=VDD_3.3V Pin=J3-5
Removed Pin From Net: NetName=VDD_5V Pin=J3-6
Removed Pin From Net: NetName=GND Pin=J3-7
Removed Pin From Net: NetName=GND Pin=J3-8
Removed Pin From Net: NetName=VDD_3.3V Pin=R34-2
Removed Pin From Net: NetName=VDD_3.3V Pin=R35-2
Removed Pin From Net: NetName=VDD_3.3V Pin=R36-2
Removed Pin From Net: NetName=VDD_MCU_TRACK Pin=R65-2
Removed Pin From Net: NetName=VDD_MCU_TRACK Pin=R66-2
Removed Pin From Net: NetName=VDD_MCU_TRACK Pin=R67-2
Removed Pin From Net: NetName=VDD_MCU_TRACK Pin=R68-2
Removed Pin From Net: NetName=VDD_MCU_TRACK Pin=R69-2
Removed Pin From Net: NetName=VDD_MCU_TRACK Pin=R70-2
Removed Pin From Net: NetName=VDD_1.8V Pin=SB3-1
Removed Pin From Net: NetName=VDD_MCU Pin=SB3-2
Removed Pin From Net: NetName=VDD_MCU Pin=SB5-2
Removed Pin From Net: NetName=VDD_MCU Pin=SB6-1
Removed Pin From Net: NetName=VDDH2 Pin=SB6-2
Removed Pin From Net: NetName=VDD_MCU Pin=SB8-1
Removed Pin From Net: NetName=VDDAUDD Pin=SB8-2
Removed Pin From Net: NetName=VDDAUDA Pin=SB15-1
Removed Pin From Net: NetName=VDD_MCU Pin=SB15-2
Removed Pin From Net: NetName=TRIG1_VCO_I2S0WS_TX0_GP30 Pin=SB37-1
Removed Pin From Net: NetName=VCO_GP90 Pin=SB38-1
Removed Pin From Net: NetName=GP97 Pin=SB39-1
Removed Pin From Net: NetName=GND Pin=TP5-TP
Removed Pin From Net: NetName=GND Pin=TP6-TP
Removed Pin From Net: NetName=GND Pin=TP7-TP
Removed Member From Class: ClassName=U_P03_ Power Supplies Member=D3
Removed Member From Class: ClassName=U_P03_ Power Supplies Member=D4
Removed Member From Class: ClassName=U_P03_ Power Supplies Member=D5
Removed Member From Class: ClassName=U_P03_ Power Supplies Member=J2
Removed Member From Class: ClassName=U_P03_ Power Supplies Member=J3
Removed Member From Class: ClassName=U_P03_ Power Supplies Member=Q3
Removed Member From Class: ClassName=U_P03_ Power Supplies Member=Q4
Removed Member From Class: ClassName=U_P03_ Power Supplies Member=Q5
Removed Member From Class: ClassName=U_P03_ Power Supplies Member=R34
Removed Member From Class: ClassName=U_P03_ Power Supplies Member=R35
Removed Member From Class: ClassName=U_P03_ Power Supplies Member=R36
Removed Member From Class: ClassName=U_P03_ Power Supplies Member=R65
Removed Member From Class: ClassName=U_P03_ Power Supplies Member=R66
Removed Member From Class: ClassName=U_P03_ Power Supplies Member=R67
Removed Member From Class: ClassName=U_P03_ Power Supplies Member=R68
Removed Member From Class: ClassName=U_P03_ Power Supplies Member=R69
Removed Member From Class: ClassName=U_P03_ Power Supplies Member=R70
Removed Member From Class: ClassName=U_P03_ Power Supplies Member=SB3
Removed Member From Class: ClassName=U_P03_ Power Supplies Member=SB5
Removed Member From Class: ClassName=U_P03_ Power Supplies Member=SB6
Removed Member From Class: ClassName=U_P03_ Power Supplies Member=SB8
Removed Member From Class: ClassName=U_P03_ Power Supplies Member=SB15
Removed Member From Class: ClassName=U_P03_ Power Supplies Member=SB37
Removed Member From Class: ClassName=U_P03_ Power Supplies Member=SB38
Removed Member From Class: ClassName=U_P03_ Power Supplies Member=SB39
Removed Member From Class: ClassName=U_P03_ Power Supplies Member=TP5
Removed Member From Class: ClassName=U_P03_ Power Supplies Member=TP6
Removed Member From Class: ClassName=U_P03_ Power Supplies Member=TP7
