Removed Pin From Net: NetName=VBUS_5V Pin=C36-1
Removed Pin From Net: NetName=GND Pin=C36-2
Removed Pin From Net: NetName=VBUS_5V Pin=J5-2
Removed Pin From Net: NetName=VBUS_AP4 Pin=J5-3
Removed Pin From Net: NetName=GND Pin=J6-A1
Removed Pin From Net: NetName=GND Pin=J6-A12
Removed Pin From Net: NetName=GND Pin=J6-B1
Removed Pin From Net: NetName=GND Pin=J6-B12
Removed Pin From Net: NetName=GND Pin=J6-SH1
Removed Pin From Net: NetName=GND Pin=J6-SH2
Removed Pin From Net: NetName=GND Pin=J6-SH3
Removed Pin From Net: NetName=GND Pin=J6-SH4
Removed Pin From Net: NetName=VDD_MCU Pin=J7-1
Removed Pin From Net: NetName=VDD_MCU Pin=J7-2
Removed Pin From Net: NetName=VDD_EXT Pin=J7-3
Removed Pin From Net: NetName=VDD_EXT Pin=J7-4
Removed Pin From Net: NetName=GND Pin=J7-5
Removed Pin From Net: NetName=nRST Pin=J7-6
Removed Pin From Net: NetName=VDD_EXT Pin=J7-7
Removed Pin From Net: NetName=VDD_EXT Pin=J7-8
Removed Pin From Net: NetName=VDD_5V Pin=J7-9
Removed Pin From Net: NetName=VDD_5V Pin=J7-10
Removed Pin From Net: NetName=GND Pin=J7-11
Removed Pin From Net: NetName=GND Pin=J7-12
Removed Pin From Net: NetName=GP100 Pin=J7-13
Removed Pin From Net: NetName=GND Pin=J7-14
Removed Pin From Net: NetName=GP97 Pin=J7-15
Removed Pin From Net: NetName=VDDH2 Pin=J7-16
Removed Pin From Net: NetName=MSPI11_SWTRCK_RTS0_DISPD16_GP38 Pin=J8-01
Removed Pin From Net: NetName=VDD_MCU Pin=J8-02
Removed Pin From Net: NetName=MSPI13_SWTR1_CTS0_GP40 Pin=J8-03
Removed Pin From Net: NetName=VDD_MCU Pin=J8-04
Removed Pin From Net: NetName=MSPI14_SWTR2_TX0_GP41 Pin=J8-05
Removed Pin From Net: NetName=VDD_5V Pin=J8-06
Removed Pin From Net: NetName=MSPI17_SWO_RX2_GP44 Pin=J8-07
Removed Pin From Net: NetName=VDD_5V Pin=J8-08
Removed Pin From Net: NetName=GND Pin=J8-09
Removed Pin From Net: NetName=GND Pin=J8-10
Removed Pin From Net: NetName=MIPI_CLK.MIPI_P Pin=J8-11
Removed Pin From Net: NetName=MIPI_D1.MIPI_P Pin=J8-12
Removed Pin From Net: NetName=MIPI_CLK.MIPI_N Pin=J8-13
Removed Pin From Net: NetName=MIPI_D1.MIPI_N Pin=J8-14
Removed Pin From Net: NetName=GND Pin=J8-15
Removed Pin From Net: NetName=GND Pin=J8-16
Removed Pin From Net: NetName=MIPI_D0.MIPI_P Pin=J8-17
Removed Pin From Net: NetName=MSPI18_32KXT_TX0_GP45 Pin=J8-18
Removed Pin From Net: NetName=MIPI_D0.MIPI_N Pin=J8-19
Removed Pin From Net: NetName=MSPI19_CKO32M_TX23_I2S1DIN_GP46 Pin=J8-20
Removed Pin From Net: NetName=GND Pin=J8-21
Removed Pin From Net: NetName=MSPI15_SWTR3_TX2_GP42 Pin=J8-22
Removed Pin From Net: NetName=MSPI11_SWTRCK_RTS0_GP38 Pin=J8-23
Removed Pin From Net: NetName=MSPI16_SWTRCTL_RX0_GP43 Pin=J8-24
Removed Pin From Net: NetName=MSPI08_CKO_SWTR2_TX0_GP72 Pin=J8-25
Removed Pin From Net: NetName=M0SCL_M0SCK_I2S0CK_RTS23_GP5 Pin=J8-26
Removed Pin From Net: NetName=MSPI09_SWTR3_TX2_GP73 Pin=J8-27
Removed Pin From Net: NetName=M0SDA_M0MOSI_I2S0DAT_CTS01_I2S0DOUT_GP6 Pin=J8-28
Removed Pin From Net: NetName=MSPI00_32KXT_RTS0_I2S1DIN_GP64 Pin=J8-29
Removed Pin From Net: NetName=PDM3CK_SWO_RX23_GP56 Pin=J8-30
Removed Pin From Net: NetName=MSPI01_32KXT_CTS0_GP65 Pin=J8-31
Removed Pin From Net: NetName=PDM3DAT_SWO_RTS01_VCO_GP57 Pin=J8-32
Removed Pin From Net: NetName=MSPI02_CKO_TX0_GP66 Pin=J8-33
Removed Pin From Net: NetName=MSPI03_CKO_TX2_GP67 Pin=J8-34
Removed Pin From Net: NetName=MSPI04_SWO_RX0_GP68 Pin=J8-35
Removed Pin From Net: NetName=MSPI05_32KXT_SWO_RX2_GP69 Pin=J8-36
Removed Pin From Net: NetName=MSPI06_32KXT_SWTR0_RTS0_GP70 Pin=J8-37
Removed Pin From Net: NetName=MSPI07_CKO_SWTR1_CTS0_GP71 Pin=J8-38
Removed Pin From Net: NetName=MSPI27_CKO_SDIFD6_SWTR1_GP81 Pin=J8-39
Removed Pin From Net: NetName=SDIFD0_GP84 Pin=J8-40
Removed Pin From Net: NetName=MSPI26_CKO_SDIFD5_SWTR0_GP80 Pin=J8-41
Removed Pin From Net: NetName=SDIFD1_GP85 Pin=J8-42
Removed Pin From Net: NetName=MSPI25_SDIFD4_SWO_GP79 Pin=J8-43
Removed Pin From Net: NetName=SDIFD2_GP86 Pin=J8-44
Removed Pin From Net: NetName=MSPI24_QSPISCK_DISPD14_GP78 Pin=J8-45
Removed Pin From Net: NetName=SDIFCK0_GP88 Pin=J8-46
Removed Pin From Net: NetName=MSPI23_QSPID3_CTS0_GP77 Pin=J8-47
Removed Pin From Net: NetName=GP89 Pin=J8-48
Removed Pin From Net: NetName=MSPI22_QSPID2_RTS0_GP76 Pin=J8-49
Removed Pin From Net: NetName=M2MISO_I2S0DIN_GP27 Pin=J8-50
Removed Pin From Net: NetName=MSPI21_QSPID1_RX2_DSPIDCX_GP75 Pin=J8-51
Removed Pin From Net: NetName=SDIFD3_TE_GP87 Pin=J8-52
Removed Pin From Net: NetName=MSPI20_QSPID0_RX0_DSPISD_GP74 Pin=J8-53
Removed Pin From Net: NetName=TRIG0_VCO_I2S0DAT_CTS1_I2S0DOUT_GP29 Pin=J8-54
Removed Pin From Net: NetName=MSPI29_32KXT_SDIFCMD_SWTR3_GP83 Pin=J8-55
Removed Pin From Net: NetName=MSPI10_32KXT_RX2_GP37 Pin=J8-56
Removed Pin From Net: NetName=GND Pin=J8-57
Removed Pin From Net: NetName=M2SCL_M2SCK_GP25 Pin=J8-58
Removed Pin From Net: NetName=MSPI28_32KXT_SDIFD7_SWTR2_GP82 Pin=J8-59
Removed Pin From Net: NetName=M2SDA_M2MOSI_GP26 Pin=J8-60
Removed Pin From Net: NetName=GND Pin=J8-S1
Removed Pin From Net: NetName=GND Pin=J8-S2
Removed Pin From Net: NetName=GND Pin=J8-S3
Removed Pin From Net: NetName=GND Pin=J8-S4
Removed Pin From Net: NetName=GP96 Pin=J9-1
Removed Pin From Net: NetName=ADC0_CTS23_I2S1DIN_GP19 Pin=J9-2
Removed Pin From Net: NetName=GP95 Pin=J9-3
Removed Pin From Net: NetName=ADC1_I2S1WS_CTS01_GP18 Pin=J9-4
Removed Pin From Net: NetName=GP98 Pin=J9-5
Removed Pin From Net: NetName=ADC2_I2S1DAT_RTS3_I2S1DOUT_GP17 Pin=J9-6
Removed Pin From Net: NetName=GP99 Pin=J9-7
Removed Pin From Net: NetName=ADC3_I2S1CK_RTS1_GP16 Pin=J9-8
Removed Pin From Net: NetName=GP102 Pin=J9-9
Removed Pin From Net: NetName=ADC4_RX3_REFCLK_GP15 Pin=J9-10
Removed Pin From Net: NetName=M4SCL_M4SCK_SWO_TX0_GP34 Pin=J9-11
Removed Pin From Net: NetName=ADC5_RX1_I2S0DIN_GP14 Pin=J9-12
Removed Pin From Net: NetName=M4SDA_M4MOSI_SWO_TX23_GP35 Pin=J9-13
Removed Pin From Net: NetName=ADC6_I2S0WS_TX23_GP13 Pin=J9-14
Removed Pin From Net: NetName=M4MISO_SWO_RX01_GP36 Pin=J9-15
Removed Pin From Net: NetName=ADC7_I2S0DAT_TX01_CMRF2_I2S0DOUT_GP12 Pin=J9-16
Removed Pin From Net: NetName=TRC2_SCEN_SWO_RX23_GP3 Pin=J10-1
Removed Pin From Net: NetName=TRC3_SINT_32KXT_RTS01_I2S0DIN_GP4 Pin=J10-2
Removed Pin From Net: NetName=TRC1_SMISO_TRIG1_RX01_VCO_GP2 Pin=J10-3
Removed Pin From Net: NetName=TRC0_SSDA_SMOSI_TX23_VCO_GP1 Pin=J10-6
Removed Pin From Net: NetName=TRCLK_SSCL_SSCK_TX01_VCO_GP0 Pin=J10-7
Removed Pin From Net: NetName=M0MISO_I2S0WS_CTS23_GP7 Pin=J10-10
Removed Pin From Net: NetName=VCO_GP94 Pin=J10-11
Removed Pin From Net: NetName=RTS03_GP58 Pin=J10-12
Removed Pin From Net: NetName=TRIG1_VCO_I2S0WS_TX0_GP30 Pin=J10-13
Removed Pin From Net: NetName=CTS01_GP59 Pin=J10-14
Removed Pin From Net: NetName=TX0_CTS3_GP60 Pin=J10-16
Removed Pin From Net: NetName=CMRF0_M1SDA_M1MOSI_GP9 Pin=J11-1
Removed Pin From Net: NetName=M3SCL_M3SCK_TX2_GP31 Pin=J11-2
Removed Pin From Net: NetName=CMRF1_M1SCL_M1SCK_GP8 Pin=J11-3
Removed Pin From Net: NetName=M3SDA_M3MOSI_RX0_GP32 Pin=J11-4
Removed Pin From Net: NetName=CMIN0_M1MISO_TE_GP10 Pin=J11-5
Removed Pin From Net: NetName=M3MISO_CKO_RX2_TE_GP33 Pin=J11-6
Removed Pin From Net: NetName=CMIN1_I2S0CK_RX23_GP11 Pin=J11-7
Removed Pin From Net: NetName=VCO_GP92 Pin=J11-8
Removed Pin From Net: NetName=VCO_GP90 Pin=J11-9
Removed Pin From Net: NetName=VCO_GP93 Pin=J11-10
Removed Pin From Net: NetName=VCO_GP91 Pin=J11-11
Removed Pin From Net: NetName=M5SDA_M5MOSI_I2S1DAT_RX23_I2S1DOUT_GP48 Pin=J12-1
Removed Pin From Net: NetName=M5MISO_I2S1WS_RTS01_GP49 Pin=J12-3
Removed Pin From Net: NetName=M5SCL_M5SCK_I2S1CK_RX01_GP47 Pin=J12-5
Removed Pin From Net: NetName=M6SDA_M6MOSI_I2S1DAT_RX01_I2S1DOUT_GP62 Pin=J12-7
Removed Pin From Net: NetName=M6MISO_CKO_I2S1WS_RX23_TE_GP63 Pin=J12-9
Removed Pin From Net: NetName=M6SCL_M6SCK_I2S1CK_TX23_GP61 Pin=J12-11
Removed Pin From Net: NetName=GND Pin=J12-13
Removed Pin From Net: NetName=VDD_MCU Pin=J12-15
Removed Pin From Net: NetName=GND Pin=J12-16
Removed Pin From Net: NetName=M7SDA_M7MOSI_SWO_RX23_GP23 Pin=J12-17
Removed Pin From Net: NetName=M7MISO_SWO_RTS01_GP24 Pin=J12-18
Removed Pin From Net: NetName=M7SCL_M7SCK_SWO_RX01_GP22 Pin=J12-19
Removed Pin From Net: NetName=GND Pin=J12-20
Removed Pin From Net: NetName=VDD_MCU Pin=J19-1
Removed Pin From Net: NetName=VDD_EXT Pin=J19-2
Removed Pin From Net: NetName=nRST Pin=J19-3
Removed Pin From Net: NetName=VDD_EXT Pin=J19-4
Removed Pin From Net: NetName=VDD_5V Pin=J19-5
Removed Pin From Net: NetName=GND Pin=J19-6
Removed Pin From Net: NetName=GND Pin=J19-7
Removed Pin From Net: NetName=VDDH2 Pin=J19-8
Removed Pin From Net: NetName=ADC0_CTS23_I2S1DIN_GP19 Pin=J20-1
Removed Pin From Net: NetName=ADC1_I2S1WS_CTS01_GP18 Pin=J20-2
Removed Pin From Net: NetName=ADC2_I2S1DAT_RTS3_I2S1DOUT_GP17 Pin=J20-3
Removed Pin From Net: NetName=ADC3_I2S1CK_RTS1_GP16 Pin=J20-4
Removed Pin From Net: NetName=ADC4_RX3_REFCLK_GP15 Pin=J20-5
Removed Pin From Net: NetName=ADC5_RX1_I2S0DIN_GP14 Pin=J20-6
Removed Pin From Net: NetName=ADC6_I2S0WS_TX23_GP13 Pin=J20-7
Removed Pin From Net: NetName=ADC7_I2S0DAT_TX01_CMRF2_I2S0DOUT_GP12 Pin=J20-8
Removed Pin From Net: NetName=TRC2_SCEN_SWO_RX23_GP3 Pin=J21-1
Removed Pin From Net: NetName=TRC1_SMISO_TRIG1_RX01_VCO_GP2 Pin=J21-2
Removed Pin From Net: NetName=TRCLK_SSCL_SSCK_TX01_VCO_GP0 Pin=J21-4
Removed Pin From Net: NetName=VCO_GP94 Pin=J21-6
Removed Pin From Net: NetName=TRIG1_VCO_I2S0WS_TX0_GP30 Pin=J21-7
Removed Pin From Net: NetName=TRC3_SINT_32KXT_RTS01_I2S0DIN_GP4 Pin=J22-1
Removed Pin From Net: NetName=TRC0_SSDA_SMOSI_TX23_VCO_GP1 Pin=J22-3
Removed Pin From Net: NetName=M0MISO_I2S0WS_CTS23_GP7 Pin=J22-5
Removed Pin From Net: NetName=RTS03_GP58 Pin=J22-6
Removed Pin From Net: NetName=CTS01_GP59 Pin=J22-7
Removed Pin From Net: NetName=TX0_CTS3_GP60 Pin=J22-8
Removed Pin From Net: NetName=CMRF0_M1SDA_M1MOSI_GP9 Pin=J23-1
Removed Pin From Net: NetName=CMRF1_M1SCL_M1SCK_GP8 Pin=J23-2
Removed Pin From Net: NetName=CMIN0_M1MISO_TE_GP10 Pin=J23-3
Removed Pin From Net: NetName=CMIN1_I2S0CK_RX23_GP11 Pin=J23-4
Removed Pin From Net: NetName=VCO_GP90 Pin=J23-5
Removed Pin From Net: NetName=VCO_GP91 Pin=J23-6
Removed Pin From Net: NetName=M3SCL_M3SCK_TX2_GP31 Pin=J24-1
Removed Pin From Net: NetName=M3SDA_M3MOSI_RX0_GP32 Pin=J24-2
Removed Pin From Net: NetName=M3MISO_CKO_RX2_TE_GP33 Pin=J24-3
Removed Pin From Net: NetName=VCO_GP92 Pin=J24-4
Removed Pin From Net: NetName=VCO_GP93 Pin=J24-5
Removed Pin From Net: NetName=M5SDA_M5MOSI_I2S1DAT_RX23_I2S1DOUT_GP48 Pin=J25-1
Removed Pin From Net: NetName=M5MISO_I2S1WS_RTS01_GP49 Pin=J25-2
Removed Pin From Net: NetName=M5SCL_M5SCK_I2S1CK_RX01_GP47 Pin=J25-3
Removed Pin From Net: NetName=M6SDA_M6MOSI_I2S1DAT_RX01_I2S1DOUT_GP62 Pin=J25-4
Removed Pin From Net: NetName=M6MISO_CKO_I2S1WS_RX23_TE_GP63 Pin=J25-5
Removed Pin From Net: NetName=M6SCL_M6SCK_I2S1CK_TX23_GP61 Pin=J25-6
Removed Pin From Net: NetName=GND Pin=J25-7
Removed Pin From Net: NetName=VDD_MCU Pin=J25-8
Removed Pin From Net: NetName=M7SDA_M7MOSI_SWO_RX23_GP23 Pin=J25-9
Removed Pin From Net: NetName=M7SCL_M7SCK_SWO_RX01_GP22 Pin=J25-10
Removed Pin From Net: NetName=GND Pin=J26-8
Removed Pin From Net: NetName=M7MISO_SWO_RTS01_GP24 Pin=J26-9
Removed Pin From Net: NetName=GND Pin=J26-10
Removed Pin From Net: NetName=VDD_MCU Pin=J27-1
Removed Pin From Net: NetName=VDD_EXT Pin=J27-2
Removed Pin From Net: NetName=GND Pin=J27-3
Removed Pin From Net: NetName=VDD_EXT Pin=J27-4
Removed Pin From Net: NetName=VDD_5V Pin=J27-5
Removed Pin From Net: NetName=GND Pin=J27-6
Removed Pin From Net: NetName=GP100 Pin=J27-7
Removed Pin From Net: NetName=GP97 Pin=J27-8
Removed Pin From Net: NetName=GP96 Pin=J28-1
Removed Pin From Net: NetName=GP95 Pin=J28-2
Removed Pin From Net: NetName=GP98 Pin=J28-3
Removed Pin From Net: NetName=GP99 Pin=J28-4
Removed Pin From Net: NetName=GP102 Pin=J28-5
Removed Pin From Net: NetName=M4SCL_M4SCK_SWO_TX0_GP34 Pin=J28-6
Removed Pin From Net: NetName=M4SDA_M4MOSI_SWO_TX23_GP35 Pin=J28-7
Removed Pin From Net: NetName=M4MISO_SWO_RX01_GP36 Pin=J28-8
Removed Pin From Net: NetName=GND Pin=R18-1
Removed Pin From Net: NetName=VBUS_5V Pin=R18-2
Removed Pin From Net: NetName=GND Pin=R22-1
Removed Pin From Net: NetName=GND Pin=R23-1
Removed Pin From Net: NetName=MSPI02_CKO_TX0_GP66 Pin=SB30-1
Removed Pin From Net: NetName=MSPI03_CKO_TX2_GP67 Pin=SB31-1
Removed Pin From Net: NetName=MSPI04_SWO_RX0_GP68 Pin=SB32-1
Removed Pin From Net: NetName=MSPI05_32KXT_SWO_RX2_GP69 Pin=SB33-1
Removed Pin From Net: NetName=MSPI06_32KXT_SWTR0_RTS0_GP70 Pin=SB34-1
Removed Pin From Net: NetName=MSPI07_CKO_SWTR1_CTS0_GP71 Pin=SB35-1
Removed Pin From Net: NetName=PDM0CK_SWTRCK_RTS23_TE_GP50 Pin=SB42-2
Removed Pin From Net: NetName=PDM0DAT_SWTR0_CTS01_GP51 Pin=SB43-2
Removed Pin From Net: NetName=PDM1CK_SWTR1_CTS23_VCO_GP52 Pin=SB44-2
Removed Pin From Net: NetName=PDM1DAT_SWTR2_TX01_GP53 Pin=SB45-2
Removed Pin From Net: NetName=PDM2CK_SWTR3_TX23_GP54 Pin=SB46-2
Removed Pin From Net: NetName=MSPI08_CKO_SWTR2_TX0_GP72 Pin=SB53-1
Removed Pin From Net: NetName=MSPI09_SWTR3_TX2_GP73 Pin=SB54-1
Removed Pin From Net: NetName=MSPI01_32KXT_CTS0_GP65 Pin=SB55-1
Removed Pin From Net: NetName=MSPI00_32KXT_RTS0_I2S1DIN_GP64 Pin=SB56-1
Removed Pin From Net: NetName=PDM2DAT_SWTRCTL_RX01_GP55 Pin=SB57-2
Removed Pin From Net: NetName=SWO_VCO_IS20CK_GP28 Pin=SB58-2
Removed Pin From Net: NetName=NetR19_2 Pin=SW4-2
Removed Pin From Net: NetName=GND Pin=SW4-3
Removed Pin From Net: NetName=NetR19_2 Pin=SW4-5
Removed Pin From Net: NetName=GND Pin=SW4-6
Removed Pin From Net: NetName=GND Pin=U8-1
Removed Member From Class: ClassName=U_P04_ USB Member=C36
Removed Member From Class: ClassName=U_P04_ USB Member=FB2
Removed Member From Class: ClassName=U_P04_ USB Member=J5
Removed Member From Class: ClassName=U_P04_ USB Member=J6
Removed Member From Class: ClassName=U_P02_Apollo 4 Plus Member=J7
Removed Member From Class: ClassName=U_P02_Apollo 4 Plus Member=J8
Removed Member From Class: ClassName=U_P02_Apollo 4 Plus Member=J9
Removed Member From Class: ClassName=U_P02_Apollo 4 Plus Member=J10
Removed Member From Class: ClassName=U_P02_Apollo 4 Plus Member=J11
Removed Member From Class: ClassName=U_P02_Apollo 4 Plus Member=J12
Removed Member From Class: ClassName=U_P02_Apollo 4 Plus Member=J19
Removed Member From Class: ClassName=U_P02_Apollo 4 Plus Member=J20
Removed Member From Class: ClassName=U_P02_Apollo 4 Plus Member=J21
Removed Member From Class: ClassName=U_P02_Apollo 4 Plus Member=J22
Removed Member From Class: ClassName=U_P02_Apollo 4 Plus Member=J23
Removed Member From Class: ClassName=U_P02_Apollo 4 Plus Member=J24
Removed Member From Class: ClassName=U_P02_Apollo 4 Plus Member=J25
Removed Member From Class: ClassName=U_P02_Apollo 4 Plus Member=J26
Removed Member From Class: ClassName=U_P02_Apollo 4 Plus Member=J27
Removed Member From Class: ClassName=U_P02_Apollo 4 Plus Member=J28
Removed Member From Class: ClassName=U_P04_ USB Member=R18
Removed Member From Class: ClassName=U_P04_ USB Member=R22
Removed Member From Class: ClassName=U_P04_ USB Member=R23
Removed Member From Class: ClassName=U_P02_Apollo 4 Plus Member=SB30
Removed Member From Class: ClassName=U_P02_Apollo 4 Plus Member=SB31
Removed Member From Class: ClassName=U_P02_Apollo 4 Plus Member=SB32
Removed Member From Class: ClassName=U_P02_Apollo 4 Plus Member=SB33
Removed Member From Class: ClassName=U_P02_Apollo 4 Plus Member=SB34
Removed Member From Class: ClassName=U_P02_Apollo 4 Plus Member=SB35
Removed Member From Class: ClassName=U_P02_Apollo 4 Plus Member=SB42
Removed Member From Class: ClassName=U_P02_Apollo 4 Plus Member=SB43
Removed Member From Class: ClassName=U_P02_Apollo 4 Plus Member=SB44
Removed Member From Class: ClassName=U_P02_Apollo 4 Plus Member=SB45
Removed Member From Class: ClassName=U_P02_Apollo 4 Plus Member=SB46
Removed Member From Class: ClassName=U_P02_Apollo 4 Plus Member=SB53
Removed Member From Class: ClassName=U_P02_Apollo 4 Plus Member=SB54
Removed Member From Class: ClassName=U_P02_Apollo 4 Plus Member=SB55
Removed Member From Class: ClassName=U_P02_Apollo 4 Plus Member=SB56
Removed Member From Class: ClassName=U_P02_Apollo 4 Plus Member=SB57
Removed Member From Class: ClassName=U_P02_Apollo 4 Plus Member=SB58
Removed Member From Class: ClassName=U_P04_ USB Member=SW4
Removed Member From Class: ClassName=U_P04_ USB Member=U8
Add Class Member: Failed to add class member : Component SH2 Shunt 100mil
